<?xml version="1.0" encoding="UTF-8"?>
<testng-results skipped="0" failed="0" ignored="0" total="1" passed="1">
  <reporter-output>
  </reporter-output>
  <suite name="Default suite" duration-ms="6783" started-at="2021-09-23T05:18:32Z" finished-at="2021-09-23T05:18:39Z">
    <groups>
    </groups>
    <test name="Default test" duration-ms="6783" started-at="2021-09-23T05:18:32Z" finished-at="2021-09-23T05:18:39Z">
      <class name="sampleproj.batch.NewTest">
        <test-method status="PASS" signature="f()[pri:0, instance:sampleproj.batch.NewTest@64c87930]" name="f" duration-ms="6736" started-at="2021-09-23T05:18:32Z" finished-at="2021-09-23T05:18:39Z">
          <reporter-output>
          </reporter-output>
        </test-method> <!-- f -->
      </class> <!-- sampleproj.batch.NewTest -->
    </test> <!-- Default test -->
  </suite> <!-- Default suite -->
</testng-results>
